#
# There is insufficient memory for the Java Runtime Environment to continue.
# Native memory allocation (malloc) failed to allocate 262160 bytes for Chunk::new
# Possible reasons:
#   The system is out of physical RAM or swap space
#   The process is running with CompressedOops enabled, and the Java Heap may be blocking the growth of the native heap
# Possible solutions:
#   Reduce memory load on the system
#   Increase physical memory or swap space
#   Check if swap backing store is full
#   Decrease Java heap size (-Xmx/-Xms)
#   Decrease number of Java threads
#   Decrease Java thread stack sizes (-Xss)
#   Set larger code cache with -XX:ReservedCodeCacheSize=
#   JVM is running with Unscaled Compressed Oops mode in which the Java heap is
#     placed in the first 4GB address space. The Java Heap base address is the
#     maximum limit for the native heap growth. Please use -XX:HeapBaseMinAddress
#     to set the Java Heap base and to place the Java Heap above 4GB virtual address.
# This output file may be truncated or incomplete.
#
#  Out of Memory Error (allocation.cpp:389), pid=12004, tid=0x000000000000236c
#
# JRE version: OpenJDK Runtime Environment (8.0_242-b01) (build 1.8.0_242-release-1644-b01)
# Java VM: OpenJDK 64-Bit Server VM (25.242-b01 mixed mode windows-amd64 compressed oops)
# Failed to write core dump. Minidumps are not enabled by default on client versions of Windows
#

---------------  T H R E A D  ---------------

Current thread (0x000000001696a000):  JavaThread "C2 CompilerThread1" daemon [_thread_in_native, id=9068, stack(0x00000000180d0000,0x00000000181d0000)]

Stack: [0x00000000180d0000,0x00000000181d0000]
[error occurred during error reporting (printing stack bounds), id 0xc0000005]

Native frames: (J=compiled Java code, j=interpreted, Vv=VM code, C=native code)


Current CompileTask:
C2: 327060 14469 %     4       com.android.tools.r8.ir.regalloc.LinearScanRegisterAllocator::a @ 512 (1738 bytes)


---------------  P R O C E S S  ---------------

Java Threads: ( => current thread )
  0x000000001fc64000 JavaThread "Cache worker for Java compile cache (C:\Users\sjosu\AndroidStudioProjects\MDComponents\.gradle\5.4.1\javaCompile)" [_thread_blocked, id=9112, stack(0x0000000025f00000,0x0000000026000000)]
  0x000000001fc68800 JavaThread "Cache worker for Java compile cache (C:\Users\sjosu\.gradle\caches\5.4.1\javaCompile)" [_thread_blocked, id=7824, stack(0x0000000025e00000,0x0000000025f00000)]
  0x000000001fc61800 JavaThread "stdout" [_thread_in_native, id=5932, stack(0x0000000025b00000,0x0000000025c00000)]
  0x000000001fc67000 JavaThread "stderr" [_thread_in_native, id=12144, stack(0x0000000025a00000,0x0000000025b00000)]
  0x000000001bf11000 JavaThread "stdout" [_thread_in_native, id=2320, stack(0x0000000025900000,0x0000000025a00000)]
  0x000000001bf17000 JavaThread "stderr" [_thread_in_native, id=5664, stack(0x0000000025800000,0x0000000025900000)]
  0x000000001bf16000 JavaThread "stdout" [_thread_in_native, id=13176, stack(0x0000000025700000,0x0000000025800000)]
  0x000000001bf15800 JavaThread "stderr" [_thread_in_native, id=8496, stack(0x0000000025600000,0x0000000025700000)]
  0x000000001bf12800 JavaThread "stdout" [_thread_in_native, id=1740, stack(0x0000000025400000,0x0000000025500000)]
  0x000000001bf14800 JavaThread "stderr" [_thread_in_native, id=11444, stack(0x0000000025300000,0x0000000025400000)]
  0x000000001bf13000 JavaThread "pool-2-thread-1" [_thread_blocked, id=8568, stack(0x00000000250a0000,0x00000000251a0000)]
  0x000000001bf10000 JavaThread "WorkerExecutor Queue Thread 4" [_thread_blocked, id=6196, stack(0x0000000025200000,0x0000000025300000)]
  0x000000001bf14000 JavaThread "WorkerExecutor Queue Thread 3" [_thread_blocked, id=13308, stack(0x0000000024fa0000,0x00000000250a0000)]
  0x000000001bf11800 JavaThread "WorkerExecutor Queue Thread 2" [_thread_blocked, id=11904, stack(0x0000000021220000,0x0000000021320000)]
  0x000000001cb45800 JavaThread "WorkerExecutor Queue" [_thread_blocked, id=11176, stack(0x0000000021120000,0x0000000021220000)]
  0x000000001cb42800 JavaThread "Cache worker for execution history cache (C:\Users\sjosu\AndroidStudioProjects\MDComponents\.gradle\5.4.1\executionHistory)" [_thread_blocked, id=5720, stack(0x0000000024ca0000,0x0000000024da0000)]
  0x000000001cb41800 JavaThread "Execution worker for ':' Thread 3" [_thread_in_Java, id=736, stack(0x0000000024ba0000,0x0000000024ca0000)]
  0x000000001cb39000 JavaThread "Execution worker for ':' Thread 2" [_thread_in_Java, id=1128, stack(0x0000000024aa0000,0x0000000024ba0000)]
  0x000000001cb40000 JavaThread "Execution worker for ':'" [_thread_in_Java, id=7116, stack(0x0000000022320000,0x0000000022420000)]
  0x000000001cb3f000 JavaThread "Cache worker for file content cache (C:\Users\sjosu\AndroidStudioProjects\MDComponents\.gradle\5.4.1\fileContent)" [_thread_blocked, id=5552, stack(0x0000000022220000,0x0000000022320000)]
  0x000000001cb3a000 JavaThread "Cache worker for file content cache (C:\Users\sjosu\.gradle\caches\5.4.1\fileContent)" [_thread_blocked, id=8004, stack(0x000000001b150000,0x000000001b250000)]
  0x000000001cb37800 JavaThread "Memory manager" [_thread_blocked, id=7360, stack(0x0000000001380000,0x0000000001480000)]
  0x000000001cb3e800 JavaThread "Cache worker for Build Output Cleanup Cache (C:\Users\sjosu\AndroidStudioProjects\MDComponents\.gradle\buildOutputCleanup)" [_thread_blocked, id=12064, stack(0x0000000021920000,0x0000000021a20000)]
  0x000000001cb3d800 JavaThread "Build operations Thread 4" [_thread_blocked, id=9400, stack(0x0000000021020000,0x0000000021120000)]
  0x000000001cb36000 JavaThread "Build operations Thread 3" [_thread_blocked, id=5700, stack(0x0000000020f20000,0x0000000021020000)]
  0x000000001cb3c000 JavaThread "Build operations Thread 2" [_thread_blocked, id=11368, stack(0x0000000020c50000,0x0000000020d50000)]
  0x000000001cb3b800 JavaThread "Build operations" [_thread_blocked, id=9564, stack(0x0000000020b50000,0x0000000020c50000)]
  0x000000001cb3d000 JavaThread "Cache worker for execution history cache (C:\Users\sjosu\.gradle\caches\5.4.1\executionHistory)" [_thread_blocked, id=6628, stack(0x0000000020850000,0x0000000020950000)]
  0x000000001cb3a800 JavaThread "Cache worker for cache directory md-rule (C:\Users\sjosu\.gradle\caches\5.4.1\md-rule)" [_thread_blocked, id=8764, stack(0x000000001eec0000,0x000000001efc0000)]
  0x0000000018aa0000 JavaThread "Cache worker for cache directory md-supplier (C:\Users\sjosu\.gradle\caches\5.4.1\md-supplier)" [_thread_blocked, id=12020, stack(0x0000000020e20000,0x0000000020f20000)]
  0x0000000018aa3000 JavaThread "Cache worker for file hash cache (C:\Users\sjosu\AndroidStudioProjects\MDComponents\.gradle\5.4.1\fileHashes)" [_thread_blocked, id=11520, stack(0x000000001e9c0000,0x000000001eac0000)]
  0x0000000018aa1000 JavaThread "Cache worker for journal cache (C:\Users\sjosu\.gradle\caches\journal-1)" [_thread_blocked, id=9008, stack(0x000000001b550000,0x000000001b650000)]
  0x0000000018a9f800 JavaThread "File lock request listener" [_thread_in_native, id=10424, stack(0x000000001b450000,0x000000001b550000)]
  0x0000000018aa2800 JavaThread "Cache worker for file hash cache (C:\Users\sjosu\.gradle\caches\5.4.1\fileHashes)" [_thread_blocked, id=8104, stack(0x000000001b350000,0x000000001b450000)]
  0x0000000019877800 JavaThread "Thread-9" [_thread_blocked, id=9288, stack(0x000000001b250000,0x000000001b350000)]
  0x0000000019876800 JavaThread "Asynchronous log dispatcher for DefaultDaemonConnection: socket connection from /127.0.0.1:54984 to /127.0.0.1:54985" [_thread_blocked, id=2544, stack(0x000000001b050000,0x000000001b150000)]
  0x0000000019d50800 JavaThread "Daemon worker" [_thread_in_native, id=1224, stack(0x000000001af50000,0x000000001b050000)]
  0x0000000019d50000 JavaThread "Cancel handler" [_thread_blocked, id=4048, stack(0x000000001ae50000,0x000000001af50000)]
  0x000000001903f800 JavaThread "Handler for socket connection from /127.0.0.1:54984 to /127.0.0.1:54985" [_thread_in_native, id=1252, stack(0x000000001ab50000,0x000000001ac50000)]
  0x000000001903c800 JavaThread "Daemon" [_thread_blocked, id=8132, stack(0x000000001aa50000,0x000000001ab50000)]
  0x0000000019071000 JavaThread "Daemon periodic checks" [_thread_blocked, id=6328, stack(0x000000001a950000,0x000000001aa50000)]
  0x000000001906f800 JavaThread "Incoming local TCP Connector on port 54984" [_thread_in_native, id=5104, stack(0x000000001a6e0000,0x000000001a7e0000)]
  0x000000001994c800 JavaThread "Daemon health stats" [_thread_blocked, id=8748, stack(0x000000001a0a0000,0x000000001a1a0000)]
  0x00000000169be800 JavaThread "Service Thread" daemon [_thread_blocked, id=11648, stack(0x00000000186d0000,0x00000000187d0000)]
  0x0000000016974000 JavaThread "C1 CompilerThread2" daemon [_thread_blocked, id=10796, stack(0x00000000181d0000,0x00000000182d0000)]
=>0x000000001696a000 JavaThread "C2 CompilerThread1" daemon [_thread_in_native, id=9068, stack(0x00000000180d0000,0x00000000181d0000)]
  0x0000000016965800 JavaThread "C2 CompilerThread0" daemon [_thread_in_native, id=9760, stack(0x0000000017fd0000,0x00000000180d0000)]
  0x0000000016962000 JavaThread "Attach Listener" daemon [_thread_blocked, id=2032, stack(0x0000000017ed0000,0x0000000017fd0000)]
  0x0000000016961000 JavaThread "Signal Dispatcher" daemon [_thread_blocked, id=13096, stack(0x0000000017dd0000,0x0000000017ed0000)]
  0x0000000002feb000 JavaThread "Finalizer" daemon [_thread_blocked, id=11700, stack(0x0000000017bb0000,0x0000000017cb0000)]
  0x0000000016949000 JavaThread "Reference Handler" daemon [_thread_blocked, id=10340, stack(0x0000000017ab0000,0x0000000017bb0000)]
  0x0000000002dee800 JavaThread "main" [_thread_blocked, id=9488, stack(0x0000000002df0000,0x0000000002ef0000)]

Other Threads:
  0x0000000016926800 VMThread [stack: 0x00000000179b0000,0x0000000017ab0000] [id=12372]
  0x00000000169b5800 WatcherThread [stack: 0x00000000187d0000,0x00000000188d0000] [id=11048]

VM state:not at safepoint (normal execution)

VM Mutex/Monitor currently owned by a thread: None

heap address: 0x00000000a0000000, size: 1536 MB, Compressed Oops mode: 32-bit
Narrow klass base: 0x0000000000000000, Narrow klass shift: 3
Compressed class space size: 1073741824 Address: 0x0000000100000000

Heap:
 PSYoungGen      total 181760K, used 132425K [0x00000000e0000000, 0x00000000ee100000, 0x0000000100000000)
  eden space 133120K, 98% used [0x00000000e0000000,0x00000000e7f8b1a0,0x00000000e8200000)
  from space 48640K, 3% used [0x00000000eb180000,0x00000000eb3472a0,0x00000000ee100000)
  to   space 48640K, 0% used [0x00000000e8200000,0x00000000e8200000,0x00000000eb180000)
 ParOldGen       total 110592K, used 50318K [0x00000000a0000000, 0x00000000a6c00000, 0x00000000e0000000)
  object space 110592K, 45% used [0x00000000a0000000,0x00000000a3123960,0x00000000a6c00000)
 Metaspace       used 79305K, capacity 82045K, committed 83160K, reserved 1122304K
  class space    used 10390K, capacity 10966K, committed 11264K, reserved 1048576K

Card table byte_map: [0x00000000123b0000,0x00000000126c0000] byte_map_base: 0x0000000011eb0000

Marking Bits: (ParMarkBitMap*) 0x000000006c33f030
 Begin Bits: [0x0000000012cc0000, 0x00000000144c0000)
 End Bits:   [0x00000000144c0000, 0x0000000015cc0000)

Polling page: 0x00000000014b0000

CodeCache: size=245760Kb used=43094Kb max_used=43094Kb free=202665Kb
 bounds [0x0000000002ff0000, 0x0000000005a40000, 0x0000000011ff0000]
 total_blobs=13037 nmethods=12186 adapters=761
 compilation: enabled

Compilation events (10 events):
Event: 326.436 Thread 0x0000000016974000 14939       2       com.android.tools.r8.n.a.a.a.g.E0::listIterator (15 bytes)
Event: 326.436 Thread 0x0000000016974000 nmethod 14939 0x0000000005a305d0 code [0x0000000005a30740, 0x0000000005a30968]
Event: 326.437 Thread 0x0000000016974000 14940       2       com.android.tools.r8.n.a.a.a.g.D0::nextInt (42 bytes)
Event: 326.437 Thread 0x0000000016974000 nmethod 14940 0x0000000005a30a10 code [0x0000000005a30b80, 0x0000000005a30de8]
Event: 326.453 Thread 0x0000000016974000 14941   !   2       org.gradle.internal.concurrent.ManagedExecutorImpl$1::run (59 bytes)
Event: 326.461 Thread 0x0000000016974000 nmethod 14941 0x0000000005a30f90 code [0x0000000005a31240, 0x0000000005a31d38]
Event: 326.464 Thread 0x0000000016974000 14942       1       com.android.tools.r8.graph.AppInfo$b::b (2 bytes)
Event: 326.464 Thread 0x0000000016974000 nmethod 14942 0x0000000005a330d0 code [0x0000000005a33220, 0x0000000005a33330]
Event: 326.618 Thread 0x0000000016974000 14944       2       com.android.tools.r8.ir.code.Move::a (5 bytes)
Event: 326.618 Thread 0x0000000016974000 nmethod 14944 0x0000000005a33390 code [0x0000000005a33500, 0x0000000005a33688]

GC Heap History (10 events):
Event: 304.436 GC heap before
{Heap before GC invocations=26 (full 3):
 PSYoungGen      total 144896K, used 125268K [0x00000000e0000000, 0x00000000ec300000, 0x0000000100000000)
  eden space 94720K, 100% used [0x00000000e0000000,0x00000000e5c80000,0x00000000e5c80000)
  from space 50176K, 60% used [0x00000000e8e80000,0x00000000eac55080,0x00000000ebf80000)
  to   space 51200K, 0% used [0x00000000e5c80000,0x00000000e5c80000,0x00000000e8e80000)
 ParOldGen       total 110592K, used 87170K [0x00000000a0000000, 0x00000000a6c00000, 0x00000000e0000000)
  object space 110592K, 78% used [0x00000000a0000000,0x00000000a5520b30,0x00000000a6c00000)
 Metaspace       used 79838K, capacity 83003K, committed 83160K, reserved 1122304K
  class space    used 10543K, capacity 11189K, committed 11264K, reserved 1048576K
Event: 304.539 GC heap after
Heap after GC invocations=26 (full 3):
 PSYoungGen      total 145920K, used 12870K [0x00000000e0000000, 0x00000000ed900000, 0x0000000100000000)
  eden space 94720K, 0% used [0x00000000e0000000,0x00000000e0000000,0x00000000e5c80000)
  from space 51200K, 25% used [0x00000000e5c80000,0x00000000e6911a98,0x00000000e8e80000)
  to   space 49664K, 0% used [0x00000000ea880000,0x00000000ea880000,0x00000000ed900000)
 ParOldGen       total 110592K, used 101916K [0x00000000a0000000, 0x00000000a6c00000, 0x00000000e0000000)
  object space 110592K, 92% used [0x00000000a0000000,0x00000000a6387388,0x00000000a6c00000)
 Metaspace       used 79838K, capacity 83003K, committed 83160K, reserved 1122304K
  class space    used 10543K, capacity 11189K, committed 11264K, reserved 1048576K
}
Event: 304.641 GC heap before
{Heap before GC invocations=27 (full 4):
 PSYoungGen      total 145920K, used 12870K [0x00000000e0000000, 0x00000000ed900000, 0x0000000100000000)
  eden space 94720K, 0% used [0x00000000e0000000,0x00000000e0000000,0x00000000e5c80000)
  from space 51200K, 25% used [0x00000000e5c80000,0x00000000e6911a98,0x00000000e8e80000)
  to   space 49664K, 0% used [0x00000000ea880000,0x00000000ea880000,0x00000000ed900000)
 ParOldGen       total 110592K, used 101916K [0x00000000a0000000, 0x00000000a6c00000, 0x00000000e0000000)
  object space 110592K, 92% used [0x00000000a0000000,0x00000000a6387388,0x00000000a6c00000)
 Metaspace       used 79838K, capacity 83003K, committed 83160K, reserved 1122304K
  class space    used 10543K, capacity 11189K, committed 11264K, reserved 1048576K
Event: 312.843 GC heap after
Heap after GC invocations=27 (full 4):
 PSYoungGen      total 145920K, used 0K [0x00000000e0000000, 0x00000000ed900000, 0x0000000100000000)
  eden space 94720K, 0% used [0x00000000e0000000,0x00000000e0000000,0x00000000e5c80000)
  from space 51200K, 0% used [0x00000000e5c80000,0x00000000e5c80000,0x00000000e8e80000)
  to   space 49664K, 0% used [0x00000000ea880000,0x00000000ea880000,0x00000000ed900000)
 ParOldGen       total 110592K, used 49606K [0x00000000a0000000, 0x00000000a6c00000, 0x00000000e0000000)
  object space 110592K, 44% used [0x00000000a0000000,0x00000000a3071950,0x00000000a6c00000)
 Metaspace       used 78709K, capacity 81381K, committed 83160K, reserved 1122304K
  class space    used 10357K, capacity 10922K, committed 11264K, reserved 1048576K
}
Event: 316.275 GC heap before
{Heap before GC invocations=28 (full 4):
 PSYoungGen      total 145920K, used 94720K [0x00000000e0000000, 0x00000000ed900000, 0x0000000100000000)
  eden space 94720K, 100% used [0x00000000e0000000,0x00000000e5c80000,0x00000000e5c80000)
  from space 51200K, 0% used [0x00000000e5c80000,0x00000000e5c80000,0x00000000e8e80000)
  to   space 49664K, 0% used [0x00000000ea880000,0x00000000ea880000,0x00000000ed900000)
 ParOldGen       total 110592K, used 49606K [0x00000000a0000000, 0x00000000a6c00000, 0x00000000e0000000)
  object space 110592K, 44% used [0x00000000a0000000,0x00000000a3071950,0x00000000a6c00000)
 Metaspace       used 78860K, capacity 81589K, committed 83160K, reserved 1122304K
  class space    used 10370K, capacity 10958K, committed 11264K, reserved 1048576K
Event: 316.335 GC heap after
Heap after GC invocations=28 (full 4):
 PSYoungGen      total 156160K, used 1952K [0x00000000e0000000, 0x00000000ed100000, 0x0000000100000000)
  eden space 114688K, 0% used [0x00000000e0000000,0x00000000e0000000,0x00000000e7000000)
  from space 41472K, 4% used [0x00000000ea880000,0x00000000eaa68000,0x00000000ed100000)
  to   space 49664K, 0% used [0x00000000e7000000,0x00000000e7000000,0x00000000ea080000)
 ParOldGen       total 110592K, used 49614K [0x00000000a0000000, 0x00000000a6c00000, 0x00000000e0000000)
  object space 110592K, 44% used [0x00000000a0000000,0x00000000a3073950,0x00000000a6c00000)
 Metaspace       used 78860K, capacity 81589K, committed 83160K, reserved 1122304K
  class space    used 10370K, capacity 10958K, committed 11264K, reserved 1048576K
}
Event: 322.765 GC heap before
{Heap before GC invocations=29 (full 4):
 PSYoungGen      total 156160K, used 116640K [0x00000000e0000000, 0x00000000ed100000, 0x0000000100000000)
  eden space 114688K, 100% used [0x00000000e0000000,0x00000000e7000000,0x00000000e7000000)
  from space 41472K, 4% used [0x00000000ea880000,0x00000000eaa68000,0x00000000ed100000)
  to   space 49664K, 0% used [0x00000000e7000000,0x00000000e7000000,0x00000000ea080000)
 ParOldGen       total 110592K, used 49614K [0x00000000a0000000, 0x00000000a6c00000, 0x00000000e0000000)
  object space 110592K, 44% used [0x00000000a0000000,0x00000000a3073950,0x00000000a6c00000)
 Metaspace       used 79058K, capacity 81751K, committed 83160K, reserved 1122304K
  class space    used 10383K, capacity 10961K, committed 11264K, reserved 1048576K
Event: 322.846 GC heap after
Heap after GC invocations=29 (full 4):
 PSYoungGen      total 164352K, used 3561K [0x00000000e0000000, 0x00000000ee180000, 0x0000000100000000)
  eden space 114688K, 0% used [0x00000000e0000000,0x00000000e0000000,0x00000000e7000000)
  from space 49664K, 7% used [0x00000000e7000000,0x00000000e737a550,0x00000000ea080000)
  to   space 49152K, 0% used [0x00000000eb180000,0x00000000eb180000,0x00000000ee180000)
 ParOldGen       total 110592K, used 49614K [0x00000000a0000000, 0x00000000a6c00000, 0x00000000e0000000)
  object space 110592K, 44% used [0x00000000a0000000,0x00000000a3073950,0x00000000a6c00000)
 Metaspace       used 79058K, capacity 81751K, committed 83160K, reserved 1122304K
  class space    used 10383K, capacity 10961K, committed 11264K, reserved 1048576K
}
Event: 324.512 GC heap before
{Heap before GC invocations=30 (full 4):
 PSYoungGen      total 164352K, used 118249K [0x00000000e0000000, 0x00000000ee180000, 0x0000000100000000)
  eden space 114688K, 100% used [0x00000000e0000000,0x00000000e7000000,0x00000000e7000000)
  from space 49664K, 7% used [0x00000000e7000000,0x00000000e737a550,0x00000000ea080000)
  to   space 49152K, 0% used [0x00000000eb180000,0x00000000eb180000,0x00000000ee180000)
 ParOldGen       total 110592K, used 49614K [0x00000000a0000000, 0x00000000a6c00000, 0x00000000e0000000)
  object space 110592K, 44% used [0x00000000a0000000,0x00000000a3073950,0x00000000a6c00000)
 Metaspace       used 79175K, capacity 81951K, committed 83160K, reserved 1122304K
  class space    used 10387K, capacity 10961K, committed 11264K, reserved 1048576K
Event: 324.549 GC heap after
Heap after GC invocations=30 (full 4):
 PSYoungGen      total 181760K, used 1820K [0x00000000e0000000, 0x00000000ee100000, 0x0000000100000000)
  eden space 133120K, 0% used [0x00000000e0000000,0x00000000e0000000,0x00000000e8200000)
  from space 48640K, 3% used [0x00000000eb180000,0x00000000eb3472a0,0x00000000ee100000)
  to   space 48640K, 0% used [0x00000000e8200000,0x00000000e8200000,0x00000000eb180000)
 ParOldGen       total 110592K, used 50318K [0x00000000a0000000, 0x00000000a6c00000, 0x00000000e0000000)
  object space 110592K, 45% used [0x00000000a0000000,0x00000000a3123960,0x00000000a6c00000)
 Metaspace       used 79175K, capacity 81951K, committed 83160K, reserved 1122304K
  class space    used 10387K, capacity 10961K, committed 11264K, reserved 1048576K
}

Deoptimization events (10 events):
Event: 323.548 Thread 0x000000001cb40000 Uncommon trap: reason=unstable_if action=reinterpret pc=0x0000000005875980 method=com.android.tools.r8.ir.regalloc.LinearScanRegisterAllocator.a(Lcom/android/tools/r8/ir/regalloc/LinearScanRegisterAllocator$a;Z)Lcom/android/tools/r8/ir/regalloc/LinearScan
Event: 324.202 Thread 0x000000001cb41800 Uncommon trap: reason=unstable_if action=reinterpret pc=0x000000000595c724 method=com.android.tools.r8.ir.conversion.N.d(Lcom/android/tools/r8/t/a/a/G/a;)Ljava/util/List; @ 225
Event: 324.203 Thread 0x000000001cb41800 Uncommon trap: reason=unstable_if action=reinterpret pc=0x0000000004414fa0 method=com.android.tools.r8.ir.conversion.N.getCanonicalDebugPositionAtOffset(I)Lcom/android/tools/r8/ir/code/Position; @ 3
Event: 324.204 Thread 0x000000001cb41800 Uncommon trap: reason=unstable_if action=reinterpret pc=0x00000000056e062c method=com.android.tools.r8.ir.conversion.N.buildInstruction(Lcom/android/tools/r8/ir/conversion/IRBuilder;IZ)V @ 3
Event: 324.204 Thread 0x000000001cb41800 Uncommon trap: reason=unstable_if action=reinterpret pc=0x000000000562e8cc method=com.android.tools.r8.ir.code.Position.equals(Ljava/lang/Object;)Z @ 27
Event: 326.123 Thread 0x000000001cb39000 Uncommon trap: reason=unstable_if action=reinterpret pc=0x0000000005226d2c method=com.android.tools.r8.t.a.a.f.a(II[C)Ljava/lang/String; @ 32
Event: 326.123 Thread 0x000000001cb39000 Uncommon trap: reason=unstable_if action=reinterpret pc=0x0000000004a3b478 method=com.android.tools.r8.graph.DexString.<init>(Ljava/lang/String;)V @ 39
Event: 326.304 Thread 0x000000001cb40000 Uncommon trap: reason=unstable_if action=reinterpret pc=0x00000000056a50b4 method=com.android.tools.r8.n.a.a.a.g.B0$e.contains(Ljava/lang/Object;)Z @ 124
Event: 326.306 Thread 0x000000001cb40000 Uncommon trap: reason=unstable_if action=reinterpret pc=0x000000000567b058 method=com.android.tools.r8.n.a.a.a.g.B0$e.contains(Ljava/lang/Object;)Z @ 124
Event: 326.385 Thread 0x000000001cb39000 Uncommon trap: reason=unstable_if action=reinterpret pc=0x0000000004a394bc method=com.android.tools.r8.graph.DexString.k()Ljava/lang/String; @ 56

Classes redefined (0 events):
No events

Internal exceptions (10 events):
Event: 324.955 Thread 0x000000001cb41800 Exception <a 'sun/nio/fs/WindowsException'> (0x00000000e0a7ea60) thrown at [C:\src\AOSP-openjdk-git\hotspot\src\share\vm\prims\jni.cpp, line 710]
Event: 325.161 Thread 0x000000001cb40000 Exception <a 'sun/nio/fs/WindowsException'> (0x00000000e0af6740) thrown at [C:\src\AOSP-openjdk-git\hotspot\src\share\vm\prims\jni.cpp, line 710]
Event: 325.169 Thread 0x0000000019d50800 Exception <a 'sun/nio/fs/WindowsException'> (0x00000000e08963c0) thrown at [C:\src\AOSP-openjdk-git\hotspot\src\share\vm\prims\jni.cpp, line 710]
Event: 325.207 Thread 0x0000000019d50800 Exception <a 'sun/nio/fs/WindowsException'> (0x00000000e10cdda8) thrown at [C:\src\AOSP-openjdk-git\hotspot\src\share\vm\prims\jni.cpp, line 710]
Event: 325.268 Thread 0x000000001cb40000 Exception <a 'sun/nio/fs/WindowsException'> (0x00000000e162b918) thrown at [C:\src\AOSP-openjdk-git\hotspot\src\share\vm\prims\jni.cpp, line 710]
Event: 325.695 Thread 0x0000000019d50800 Exception <a 'sun/nio/fs/WindowsException'> (0x00000000e1a978e8) thrown at [C:\src\AOSP-openjdk-git\hotspot\src\share\vm\prims\jni.cpp, line 710]
Event: 325.850 Thread 0x000000001cb41800 Exception <a 'sun/nio/fs/WindowsException'> (0x00000000e17119d0) thrown at [C:\src\AOSP-openjdk-git\hotspot\src\share\vm\prims\jni.cpp, line 710]
Event: 325.894 Thread 0x000000001cb40000 Exception <a 'sun/nio/fs/WindowsException'> (0x00000000e2e325c8) thrown at [C:\src\AOSP-openjdk-git\hotspot\src\share\vm\prims\jni.cpp, line 710]
Event: 326.038 Thread 0x000000001cb39000 Exception <a 'sun/nio/fs/WindowsException'> (0x00000000e3e20680) thrown at [C:\src\AOSP-openjdk-git\hotspot\src\share\vm\prims\jni.cpp, line 710]
Event: 326.393 Thread 0x0000000019d50800 Exception <a 'sun/nio/fs/WindowsException'> (0x00000000e74dde18) thrown at [C:\src\AOSP-openjdk-git\hotspot\src\share\vm\prims\jni.cpp, line 710]

Events (10 events):
Event: 326.367 Thread 0x000000001cb40000 DEOPT UNPACKING pc=0x00000000030375d0 sp=0x00000000224194d8 mode 0
Event: 326.385 Thread 0x000000001cb39000 Uncommon trap: trap_request=0xffffff65 fr.pc=0x0000000004a394bc
Event: 326.385 Thread 0x000000001cb39000 DEOPT PACKING pc=0x0000000004a394bc sp=0x0000000024b9b500
Event: 326.385 Thread 0x000000001cb39000 DEOPT UNPACKING pc=0x000000000303557b sp=0x0000000024b9b4a8 mode 2
Event: 326.400 Thread 0x000000001cb41800 DEOPT PACKING pc=0x0000000005863551 sp=0x0000000024c9a8c0
Event: 326.400 Thread 0x000000001cb41800 DEOPT UNPACKING pc=0x00000000030375d0 sp=0x0000000024c9a650 mode 0
Event: 326.406 Thread 0x000000001cb41800 DEOPT PACKING pc=0x000000000548f01c sp=0x0000000024c9aba0
Event: 326.406 Thread 0x000000001cb41800 DEOPT UNPACKING pc=0x00000000030375d0 sp=0x0000000024c9abb0 mode 0
Event: 326.471 Thread 0x000000001cb40000 DEOPT PACKING pc=0x0000000005863551 sp=0x000000002241ab80
Event: 326.471 Thread 0x000000001cb40000 DEOPT UNPACKING pc=0x00000000030375d0 sp=0x000000002241a910 mode 0


Dynamic libraries:
0x00007ff7ce9b0000 - 0x00007ff7ce9e1000 	C:\Program Files\Android\Android Studio\jre\bin\java.exe
0x00007ffb25030000 - 0x00007ffb25225000 	C:\WINDOWS\SYSTEM32\ntdll.dll
0x00007ffb246a0000 - 0x00007ffb2475e000 	C:\WINDOWS\System32\KERNEL32.DLL
0x00007ffb22b50000 - 0x00007ffb22e19000 	C:\WINDOWS\System32\KERNELBASE.dll
0x00007ffb24f30000 - 0x00007ffb24fdc000 	C:\WINDOWS\System32\ADVAPI32.dll
0x00007ffb24310000 - 0x00007ffb243ae000 	C:\WINDOWS\System32\msvcrt.dll
0x00007ffb24580000 - 0x00007ffb2461b000 	C:\WINDOWS\System32\sechost.dll
0x00007ffb23240000 - 0x00007ffb2336a000 	C:\WINDOWS\System32\RPCRT4.dll
0x00007ffb23080000 - 0x00007ffb23221000 	C:\WINDOWS\System32\USER32.dll
0x00007ffb22a70000 - 0x00007ffb22a92000 	C:\WINDOWS\System32\win32u.dll
0x00007ffb24070000 - 0x00007ffb2409b000 	C:\WINDOWS\System32\GDI32.dll
0x00007ffb22750000 - 0x00007ffb2285b000 	C:\WINDOWS\System32\gdi32full.dll
0x00007ffb22fe0000 - 0x00007ffb2307d000 	C:\WINDOWS\System32\msvcp_win.dll
0x00007ffb22970000 - 0x00007ffb22a70000 	C:\WINDOWS\System32\ucrtbase.dll
0x00007ffb18590000 - 0x00007ffb1882a000 	C:\WINDOWS\WinSxS\amd64_microsoft.windows.common-controls_6595b64144ccf1df_6.0.19041.1110_none_60b5254171f9507e\COMCTL32.dll
0x00007ffb23420000 - 0x00007ffb23450000 	C:\WINDOWS\System32\IMM32.DLL
0x000000006b9b0000 - 0x000000006ba82000 	C:\Program Files\Android\Android Studio\jre\jre\bin\msvcr100.dll
0x000000006bb70000 - 0x000000006c3bb000 	C:\Program Files\Android\Android Studio\jre\jre\bin\server\jvm.dll
0x00007ffb24fe0000 - 0x00007ffb24fe8000 	C:\WINDOWS\System32\PSAPI.DLL
0x00007ffb20030000 - 0x00007ffb20039000 	C:\WINDOWS\SYSTEM32\WSOCK32.dll
0x00007ffb1d1e0000 - 0x00007ffb1d207000 	C:\WINDOWS\SYSTEM32\WINMM.dll
0x00007ffb13260000 - 0x00007ffb1326a000 	C:\WINDOWS\SYSTEM32\VERSION.dll
0x00007ffb24170000 - 0x00007ffb241db000 	C:\WINDOWS\System32\WS2_32.dll
0x00007ffb16be0000 - 0x00007ffb16bef000 	C:\Program Files\Android\Android Studio\jre\jre\bin\verify.dll
0x00007ffb01310000 - 0x00007ffb01339000 	C:\Program Files\Android\Android Studio\jre\jre\bin\java.dll
0x00007ffb00b30000 - 0x00007ffb00b46000 	C:\Program Files\Android\Android Studio\jre\jre\bin\zip.dll
0x00007ffb23930000 - 0x00007ffb2406f000 	C:\WINDOWS\System32\SHELL32.dll
0x00007ffb20850000 - 0x00007ffb20fe0000 	C:\WINDOWS\SYSTEM32\windows.storage.dll
0x00007ffb24760000 - 0x00007ffb24ab5000 	C:\WINDOWS\System32\combase.dll
0x00007ffb221a0000 - 0x00007ffb221cc000 	C:\WINDOWS\SYSTEM32\Wldp.dll
0x00007ffb23370000 - 0x00007ffb2341e000 	C:\WINDOWS\System32\SHCORE.dll
0x00007ffb24b90000 - 0x00007ffb24be5000 	C:\WINDOWS\System32\shlwapi.dll
0x00007ffb22690000 - 0x00007ffb226af000 	C:\WINDOWS\SYSTEM32\profapi.dll
0x00007ffb000d0000 - 0x00007ffb000ea000 	C:\Program Files\Android\Android Studio\jre\jre\bin\net.dll
0x00007ffb21e90000 - 0x00007ffb21efa000 	C:\WINDOWS\system32\mswsock.dll
0x00007ffaffc20000 - 0x00007ffaffc33000 	C:\Program Files\Android\Android Studio\jre\jre\bin\nio.dll
0x00007ffb16dd0000 - 0x00007ffb16df6000 	C:\Users\sjosu\.gradle\native\29\windows-amd64\native-platform.dll
0x00007ffb16b90000 - 0x00007ffb16b9d000 	C:\Program Files\Android\Android Studio\jre\jre\bin\management.dll
0x00007ffb22080000 - 0x00007ffb22098000 	C:\WINDOWS\SYSTEM32\CRYPTSP.dll
0x00007ffb21810000 - 0x00007ffb21844000 	C:\WINDOWS\system32\rsaenh.dll
0x00007ffb22940000 - 0x00007ffb22967000 	C:\WINDOWS\System32\bcrypt.dll
0x00007ffb22610000 - 0x00007ffb2263e000 	C:\WINDOWS\SYSTEM32\USERENV.dll
0x00007ffb228b0000 - 0x00007ffb22933000 	C:\WINDOWS\System32\bcryptprimitives.dll
0x00007ffb220a0000 - 0x00007ffb220ac000 	C:\WINDOWS\SYSTEM32\CRYPTBASE.dll
0x00007ffb21b80000 - 0x00007ffb21bbb000 	C:\WINDOWS\SYSTEM32\IPHLPAPI.DLL
0x00007ffb24300000 - 0x00007ffb24308000 	C:\WINDOWS\System32\NSI.dll
0x00007ffb1b120000 - 0x00007ffb1b137000 	C:\WINDOWS\SYSTEM32\dhcpcsvc6.DLL
0x00007ffb1b1d0000 - 0x00007ffb1b1ed000 	C:\WINDOWS\SYSTEM32\dhcpcsvc.DLL
0x00007ffb21bc0000 - 0x00007ffb21c8c000 	C:\WINDOWS\SYSTEM32\DNSAPI.dll

VM Arguments:
jvm_args: -Xmx1536m -Dfile.encoding=windows-1252 -Duser.country=MX -Duser.language=es -Duser.variant 
java_command: org.gradle.launcher.daemon.bootstrap.GradleDaemon 5.4.1
java_class_path (initial): C:\Users\sjosu\.gradle\wrapper\dists\gradle-5.4.1-all\3221gyojl5jsh0helicew7rwx\gradle-5.4.1\lib\gradle-launcher-5.4.1.jar
Launcher Type: SUN_STANDARD

Environment Variables:
PATH=C:\Program Files (x86)\Common Files\Oracle\Java\javapath;C:\WINDOWS\system32;C:\WINDOWS;C:\WINDOWS\System32\Wbem;C:\WINDOWS\System32\WindowsPowerShell\v1.0\;C:\WINDOWS\System32\OpenSSH\;C:\Program Files\dotnet\;C:\Program Files (x86)\nodejs\;C:\Users\sjosu\AppData\Local\Microsoft\WindowsApps;C:\Users\sjosu\AppData\Roaming\npm;C:\Users\sjosu\AppData\Local\Programs\Git\cmd;C:\Users\sjosu\AppData\Local\Programs\Microsoft VS Code\bin
USERNAME=sjosu
OS=Windows_NT
PROCESSOR_IDENTIFIER=Intel64 Family 6 Model 42 Stepping 7, GenuineIntel



---------------  S Y S T E M  ---------------

OS: Windows 10.0 , 64 bit Build 19041 (10.0.19041.1202)

CPU:total 4 (initial active 4) (2 cores per cpu, 2 threads per core) family 6 model 42 stepping 7, cmov, cx8, fxsr, mmx, sse, sse2, sse3, ssse3, sse4.1, sse4.2, popcnt, avx, clmul, ht, tsc, tscinvbit

Memory: 4k page, physical 6098108k(258952k free), swap 8719672k(6248k free)

vm_info: OpenJDK 64-Bit Server VM (25.242-b01) for windows-amd64 JRE (1.8.0_242-release-1644-b01), built by "builder" with MS VC++ 10.0 (VS2010)

time: Thu Sep 30 17:23:03 2021
timezone: Hora de verano central (México)
elapsed time: 327 seconds (0d 0h 5m 27s)

