#
# There is insufficient memory for the Java Runtime Environment to continue.
# Native memory allocation (malloc) failed to allocate 59376 bytes for Chunk::new
# Possible reasons:
#   The system is out of physical RAM or swap space
#   The process is running with CompressedOops enabled, and the Java Heap may be blocking the growth of the native heap
# Possible solutions:
#   Reduce memory load on the system
#   Increase physical memory or swap space
#   Check if swap backing store is full
#   Decrease Java heap size (-Xmx/-Xms)
#   Decrease number of Java threads
#   Decrease Java thread stack sizes (-Xss)
#   Set larger code cache with -XX:ReservedCodeCacheSize=
#   JVM is running with Unscaled Compressed Oops mode in which the Java heap is
#     placed in the first 4GB address space. The Java Heap base address is the
#     maximum limit for the native heap growth. Please use -XX:HeapBaseMinAddress
#     to set the Java Heap base and to place the Java Heap above 4GB virtual address.
# This output file may be truncated or incomplete.
#
#  Out of Memory Error (allocation.cpp:389), pid=5540, tid=0x00000000000019cc
#
# JRE version: OpenJDK Runtime Environment (8.0_242-b01) (build 1.8.0_242-release-1644-b01)
# Java VM: OpenJDK 64-Bit Server VM (25.242-b01 mixed mode windows-amd64 compressed oops)
# Failed to write core dump. Minidumps are not enabled by default on client versions of Windows
#

---------------  T H R E A D  ---------------

Current thread (0x00000000164fa800):  JavaThread "C2 CompilerThread1" daemon [_thread_in_native, id=6604, stack(0x0000000017c70000,0x0000000017d70000)]

Stack: [0x0000000017c70000,0x0000000017d70000]
[error occurred during error reporting (printing stack bounds), id 0xc0000005]

Native frames: (J=compiled Java code, j=interpreted, Vv=VM code, C=native code)


Current CompileTask:
C2:  65461 7762       4       com.android.tools.r8.t.a.a.f::f (46 bytes)


---------------  P R O C E S S  ---------------

Java Threads: ( => current thread )
  0x000000001fd60800 JavaThread "Cache worker for execution history cache (C:\Users\sjosu\AndroidStudioProjects\MDComponents\.gradle\5.4.1\executionHistory)" [_thread_blocked, id=9724, stack(0x0000000022bb0000,0x0000000022cb0000)]
  0x000000001fd68000 JavaThread "Execution worker for ':' Thread 3" [_thread_in_vm, id=68, stack(0x0000000022ab0000,0x0000000022bb0000)]
  0x000000001fd6b000 JavaThread "Execution worker for ':' Thread 2" [_thread_in_vm, id=960, stack(0x00000000229b0000,0x0000000022ab0000)]
  0x000000001fd6c000 JavaThread "Execution worker for ':'" [_thread_in_vm, id=7976, stack(0x00000000228b0000,0x00000000229b0000)]
  0x000000001fd6a800 JavaThread "Cache worker for file content cache (C:\Users\sjosu\AndroidStudioProjects\MDComponents\.gradle\5.4.1\fileContent)" [_thread_blocked, id=10336, stack(0x00000000221b0000,0x00000000222b0000)]
  0x000000001fd67800 JavaThread "Cache worker for file content cache (C:\Users\sjosu\.gradle\caches\5.4.1\fileContent)" [_thread_blocked, id=7432, stack(0x00000000220b0000,0x00000000221b0000)]
  0x000000001fd66800 JavaThread "Memory manager" [_thread_blocked, id=5336, stack(0x0000000021fb0000,0x00000000220b0000)]
  0x000000001fd5e800 JavaThread "Cache worker for Build Output Cleanup Cache (C:\Users\sjosu\AndroidStudioProjects\MDComponents\.gradle\buildOutputCleanup)" [_thread_blocked, id=7188, stack(0x00000000212b0000,0x00000000213b0000)]
  0x000000001fd63000 JavaThread "Build operations Thread 4" [_thread_blocked, id=1128, stack(0x0000000020bb0000,0x0000000020cb0000)]
  0x000000001fd63800 JavaThread "Build operations Thread 3" [_thread_blocked, id=7116, stack(0x0000000020ab0000,0x0000000020bb0000)]
  0x000000001fd60000 JavaThread "Build operations Thread 2" [_thread_blocked, id=5552, stack(0x00000000207d0000,0x00000000208d0000)]
  0x000000001fd5f000 JavaThread "Build operations" [_thread_blocked, id=12064, stack(0x00000000206d0000,0x00000000207d0000)]
  0x000000001fd64800 JavaThread "Cache worker for execution history cache (C:\Users\sjosu\.gradle\caches\5.4.1\executionHistory)" [_thread_blocked, id=6628, stack(0x00000000203d0000,0x00000000204d0000)]
  0x0000000019023000 JavaThread "Cache worker for cache directory md-rule (C:\Users\sjosu\.gradle\caches\5.4.1\md-rule)" [_thread_blocked, id=1224, stack(0x000000001e760000,0x000000001e860000)]
  0x0000000019022000 JavaThread "Cache worker for cache directory md-supplier (C:\Users\sjosu\.gradle\caches\5.4.1\md-supplier)" [_thread_blocked, id=4048, stack(0x00000000209b0000,0x0000000020ab0000)]
  0x0000000019020000 JavaThread "Cache worker for file hash cache (C:\Users\sjosu\AndroidStudioProjects\MDComponents\.gradle\5.4.1\fileHashes)" [_thread_blocked, id=8696, stack(0x000000001e900000,0x000000001ea00000)]
  0x0000000019023800 JavaThread "Cache worker for journal cache (C:\Users\sjosu\.gradle\caches\journal-1)" [_thread_blocked, id=4748, stack(0x000000001b0f0000,0x000000001b1f0000)]
  0x000000001901f000 JavaThread "File lock request listener" [_thread_in_native, id=10396, stack(0x000000001aff0000,0x000000001b0f0000)]
  0x000000001900e000 JavaThread "Cache worker for file hash cache (C:\Users\sjosu\.gradle\caches\5.4.1\fileHashes)" [_thread_blocked, id=7656, stack(0x000000001aef0000,0x000000001aff0000)]
  0x0000000019456800 JavaThread "Thread-9" [_thread_blocked, id=6860, stack(0x000000001adf0000,0x000000001aef0000)]
  0x0000000018e7d000 JavaThread "Asynchronous log dispatcher for DefaultDaemonConnection: socket connection from /127.0.0.1:51253 to /127.0.0.1:51254" [_thread_blocked, id=8484, stack(0x000000001abf0000,0x000000001acf0000)]
  0x0000000019112000 JavaThread "Daemon worker" [_thread_blocked, id=4764, stack(0x000000001aaf0000,0x000000001abf0000)]
  0x0000000019111000 JavaThread "Cancel handler" [_thread_blocked, id=7272, stack(0x000000001a9f0000,0x000000001aaf0000)]
  0x0000000018d82000 JavaThread "Handler for socket connection from /127.0.0.1:51253 to /127.0.0.1:51254" [_thread_in_native, id=3504, stack(0x000000001a6f0000,0x000000001a7f0000)]
  0x0000000018d7e000 JavaThread "Daemon" [_thread_blocked, id=10204, stack(0x000000001a5f0000,0x000000001a6f0000)]
  0x00000000181dc800 JavaThread "Daemon periodic checks" [_thread_blocked, id=7548, stack(0x000000001a4f0000,0x000000001a5f0000)]
  0x0000000018230000 JavaThread "Incoming local TCP Connector on port 51253" [_thread_in_native, id=8908, stack(0x000000001a280000,0x000000001a380000)]
  0x0000000018de4000 JavaThread "Daemon health stats" [_thread_blocked, id=12036, stack(0x0000000019c40000,0x0000000019d40000)]
  0x0000000017e98800 JavaThread "Service Thread" daemon [_thread_blocked, id=6344, stack(0x0000000018270000,0x0000000018370000)]
  0x0000000016508800 JavaThread "C1 CompilerThread2" daemon [_thread_in_native, id=7072, stack(0x0000000017d70000,0x0000000017e70000)]
=>0x00000000164fa800 JavaThread "C2 CompilerThread1" daemon [_thread_in_native, id=6604, stack(0x0000000017c70000,0x0000000017d70000)]
  0x00000000164f6800 JavaThread "C2 CompilerThread0" daemon [_thread_in_native, id=4756, stack(0x0000000017b70000,0x0000000017c70000)]
  0x00000000164f3800 JavaThread "Attach Listener" daemon [_thread_blocked, id=1780, stack(0x0000000017a70000,0x0000000017b70000)]
  0x00000000164f2000 JavaThread "Signal Dispatcher" daemon [_thread_blocked, id=10768, stack(0x0000000017970000,0x0000000017a70000)]
  0x0000000002b7c800 JavaThread "Finalizer" daemon [_thread_blocked, id=13016, stack(0x0000000017750000,0x0000000017850000)]
  0x00000000164d9000 JavaThread "Reference Handler" daemon [_thread_blocked, id=6520, stack(0x0000000017650000,0x0000000017750000)]
  0x000000000288e800 JavaThread "main" [_thread_blocked, id=6248, stack(0x0000000002980000,0x0000000002a80000)]

Other Threads:
  0x00000000164b6800 VMThread [stack: 0x0000000017550000,0x0000000017650000] [id=3728]
  0x000000001654c000 WatcherThread [stack: 0x0000000018370000,0x0000000018470000] [id=6192]

VM state:not at safepoint (normal execution)

VM Mutex/Monitor currently owned by a thread: None

heap address: 0x00000000a0000000, size: 1536 MB, Compressed Oops mode: 32-bit
Narrow klass base: 0x0000000000000000, Narrow klass shift: 3
Compressed class space size: 1073741824 Address: 0x0000000100000000

Heap:
 PSYoungGen      total 174080K, used 65410K [0x00000000e0000000, 0x00000000ec480000, 0x0000000100000000)
  eden space 162304K, 33% used [0x00000000e0000000,0x00000000e347c190,0x00000000e9e80000)
  from space 11776K, 99% used [0x00000000eb900000,0x00000000ec464738,0x00000000ec480000)
  to   space 15360K, 0% used [0x00000000ea680000,0x00000000ea680000,0x00000000eb580000)
 ParOldGen       total 103424K, used 29774K [0x00000000a0000000, 0x00000000a6500000, 0x00000000e0000000)
  object space 103424K, 28% used [0x00000000a0000000,0x00000000a1d13bc8,0x00000000a6500000)
 Metaspace       used 62568K, capacity 64708K, committed 64984K, reserved 1105920K
  class space    used 8455K, capacity 8941K, committed 8960K, reserved 1048576K

Card table byte_map: [0x0000000011f40000,0x0000000012250000] byte_map_base: 0x0000000011a40000

Marking Bits: (ParMarkBitMap*) 0x000000006c33f030
 Begin Bits: [0x0000000012850000, 0x0000000014050000)
 End Bits:   [0x0000000014050000, 0x0000000015850000)

Polling page: 0x0000000002870000

CodeCache: size=245760Kb used=21313Kb max_used=21338Kb free=224446Kb
 bounds [0x0000000002b80000, 0x0000000004080000, 0x0000000011b80000]
 total_blobs=7562 nmethods=6761 adapters=714
 compilation: enabled

Compilation events (10 events):
Event: 65.313 Thread 0x0000000016508800 nmethod 7759 0x0000000003cdc310 code [0x0000000003cdc500, 0x0000000003cdd0d8]
Event: 65.313 Thread 0x0000000016508800 7761       3       com.android.tools.r8.t.a.a.f::<init> (479 bytes)
Event: 65.317 Thread 0x0000000016508800 nmethod 7761 0x0000000002f589d0 code [0x0000000002f58d20, 0x0000000002f5aa38]
Event: 65.317 Thread 0x0000000016508800 7763   !   3       com.android.tools.r8.graph.DexString::g (125 bytes)
Event: 65.319 Thread 0x0000000016508800 nmethod 7763 0x0000000002f56c90 code [0x0000000002f56f00, 0x0000000002f580e8]
Event: 65.319 Thread 0x0000000016508800 7765       3       com.android.tools.r8.t.a.a.f::a (4166 bytes)
Event: 65.328 Thread 0x00000000164fa800 nmethod 7749 0x0000000004072f10 code [0x0000000004073100, 0x00000000040745d0]
Event: 65.328 Thread 0x00000000164fa800 7762       4       com.android.tools.r8.t.a.a.f::f (46 bytes)
Event: 65.329 Thread 0x00000000164f6800 nmethod 7753 0x0000000002f559d0 code [0x0000000002f55b40, 0x0000000002f564b8]
Event: 65.345 Thread 0x00000000164f6800 7777       4       com.android.tools.r8.graph.w::j (280 bytes)

GC Heap History (10 events):
Event: 27.527 GC heap before
{Heap before GC invocations=13 (full 2):
 PSYoungGen      total 118272K, used 108032K [0x00000000e0000000, 0x00000000e9300000, 0x0000000100000000)
  eden space 108032K, 100% used [0x00000000e0000000,0x00000000e6980000,0x00000000e6980000)
  from space 10240K, 0% used [0x00000000e7380000,0x00000000e7380000,0x00000000e7d80000)
  to   space 10240K, 0% used [0x00000000e6980000,0x00000000e6980000,0x00000000e7380000)
 ParOldGen       total 67584K, used 16881K [0x00000000a0000000, 0x00000000a4200000, 0x00000000e0000000)
  object space 67584K, 24% used [0x00000000a0000000,0x00000000a107c5f0,0x00000000a4200000)
 Metaspace       used 45346K, capacity 46342K, committed 46592K, reserved 1089536K
  class space    used 6110K, capacity 6380K, committed 6400K, reserved 1048576K
Event: 27.550 GC heap after
Heap after GC invocations=13 (full 2):
 PSYoungGen      total 118272K, used 10217K [0x00000000e0000000, 0x00000000ea400000, 0x0000000100000000)
  eden space 108032K, 0% used [0x00000000e0000000,0x00000000e0000000,0x00000000e6980000)
  from space 10240K, 99% used [0x00000000e6980000,0x00000000e737a410,0x00000000e7380000)
  to   space 13312K, 0% used [0x00000000e9700000,0x00000000e9700000,0x00000000ea400000)
 ParOldGen       total 67584K, used 21394K [0x00000000a0000000, 0x00000000a4200000, 0x00000000e0000000)
  object space 67584K, 31% used [0x00000000a0000000,0x00000000a14e4920,0x00000000a4200000)
 Metaspace       used 45346K, capacity 46342K, committed 46592K, reserved 1089536K
  class space    used 6110K, capacity 6380K, committed 6400K, reserved 1048576K
}
Event: 38.098 GC heap before
{Heap before GC invocations=14 (full 2):
 PSYoungGen      total 118272K, used 118249K [0x00000000e0000000, 0x00000000ea400000, 0x0000000100000000)
  eden space 108032K, 100% used [0x00000000e0000000,0x00000000e6980000,0x00000000e6980000)
  from space 10240K, 99% used [0x00000000e6980000,0x00000000e737a410,0x00000000e7380000)
  to   space 13312K, 0% used [0x00000000e9700000,0x00000000e9700000,0x00000000ea400000)
 ParOldGen       total 67584K, used 21394K [0x00000000a0000000, 0x00000000a4200000, 0x00000000e0000000)
  object space 67584K, 31% used [0x00000000a0000000,0x00000000a14e4920,0x00000000a4200000)
 Metaspace       used 54806K, capacity 56322K, committed 56576K, reserved 1097728K
  class space    used 7437K, capacity 7836K, committed 7936K, reserved 1048576K
Event: 38.128 GC heap after
Heap after GC invocations=14 (full 2):
 PSYoungGen      total 150528K, used 12212K [0x00000000e0000000, 0x00000000ea300000, 0x0000000100000000)
  eden space 138240K, 0% used [0x00000000e0000000,0x00000000e0000000,0x00000000e8700000)
  from space 12288K, 99% used [0x00000000e9700000,0x00000000ea2ed1c8,0x00000000ea300000)
  to   space 14336K, 0% used [0x00000000e8700000,0x00000000e8700000,0x00000000e9500000)
 ParOldGen       total 67584K, used 28538K [0x00000000a0000000, 0x00000000a4200000, 0x00000000e0000000)
  object space 67584K, 42% used [0x00000000a0000000,0x00000000a1bde9a8,0x00000000a4200000)
 Metaspace       used 54806K, capacity 56322K, committed 56576K, reserved 1097728K
  class space    used 7437K, capacity 7836K, committed 7936K, reserved 1048576K
}
Event: 42.903 GC heap before
{Heap before GC invocations=15 (full 2):
 PSYoungGen      total 150528K, used 53410K [0x00000000e0000000, 0x00000000ea300000, 0x0000000100000000)
  eden space 138240K, 29% used [0x00000000e0000000,0x00000000e283b720,0x00000000e8700000)
  from space 12288K, 99% used [0x00000000e9700000,0x00000000ea2ed1c8,0x00000000ea300000)
  to   space 14336K, 0% used [0x00000000e8700000,0x00000000e8700000,0x00000000e9500000)
 ParOldGen       total 67584K, used 28538K [0x00000000a0000000, 0x00000000a4200000, 0x00000000e0000000)
  object space 67584K, 42% used [0x00000000a0000000,0x00000000a1bde9a8,0x00000000a4200000)
 Metaspace       used 57400K, capacity 59060K, committed 59096K, reserved 1099776K
  class space    used 7781K, capacity 8159K, committed 8192K, reserved 1048576K
Event: 42.933 GC heap after
Heap after GC invocations=15 (full 2):
 PSYoungGen      total 152576K, used 8648K [0x00000000e0000000, 0x00000000ec700000, 0x0000000100000000)
  eden space 138240K, 0% used [0x00000000e0000000,0x00000000e0000000,0x00000000e8700000)
  from space 14336K, 60% used [0x00000000e8700000,0x00000000e8f720f8,0x00000000e9500000)
  to   space 14336K, 0% used [0x00000000eb900000,0x00000000eb900000,0x00000000ec700000)
 ParOldGen       total 67584K, used 28546K [0x00000000a0000000, 0x00000000a4200000, 0x00000000e0000000)
  object space 67584K, 42% used [0x00000000a0000000,0x00000000a1be09a8,0x00000000a4200000)
 Metaspace       used 57400K, capacity 59060K, committed 59096K, reserved 1099776K
  class space    used 7781K, capacity 8159K, committed 8192K, reserved 1048576K
}
Event: 42.933 GC heap before
{Heap before GC invocations=16 (full 3):
 PSYoungGen      total 152576K, used 8648K [0x00000000e0000000, 0x00000000ec700000, 0x0000000100000000)
  eden space 138240K, 0% used [0x00000000e0000000,0x00000000e0000000,0x00000000e8700000)
  from space 14336K, 60% used [0x00000000e8700000,0x00000000e8f720f8,0x00000000e9500000)
  to   space 14336K, 0% used [0x00000000eb900000,0x00000000eb900000,0x00000000ec700000)
 ParOldGen       total 67584K, used 28546K [0x00000000a0000000, 0x00000000a4200000, 0x00000000e0000000)
  object space 67584K, 42% used [0x00000000a0000000,0x00000000a1be09a8,0x00000000a4200000)
 Metaspace       used 57400K, capacity 59060K, committed 59096K, reserved 1099776K
  class space    used 7781K, capacity 8159K, committed 8192K, reserved 1048576K
Event: 43.747 GC heap after
Heap after GC invocations=16 (full 3):
 PSYoungGen      total 152576K, used 0K [0x00000000e0000000, 0x00000000ec700000, 0x0000000100000000)
  eden space 138240K, 0% used [0x00000000e0000000,0x00000000e0000000,0x00000000e8700000)
  from space 14336K, 0% used [0x00000000e8700000,0x00000000e8700000,0x00000000e9500000)
  to   space 14336K, 0% used [0x00000000eb900000,0x00000000eb900000,0x00000000ec700000)
 ParOldGen       total 103424K, used 29766K [0x00000000a0000000, 0x00000000a6500000, 0x00000000e0000000)
  object space 103424K, 28% used [0x00000000a0000000,0x00000000a1d11bc8,0x00000000a6500000)
 Metaspace       used 57400K, capacity 59060K, committed 59096K, reserved 1099776K
  class space    used 7781K, capacity 8159K, committed 8192K, reserved 1048576K
}
Event: 55.972 GC heap before
{Heap before GC invocations=17 (full 3):
 PSYoungGen      total 152576K, used 138240K [0x00000000e0000000, 0x00000000ec700000, 0x0000000100000000)
  eden space 138240K, 100% used [0x00000000e0000000,0x00000000e8700000,0x00000000e8700000)
  from space 14336K, 0% used [0x00000000e8700000,0x00000000e8700000,0x00000000e9500000)
  to   space 14336K, 0% used [0x00000000eb900000,0x00000000eb900000,0x00000000ec700000)
 ParOldGen       total 103424K, used 29766K [0x00000000a0000000, 0x00000000a6500000, 0x00000000e0000000)
  object space 103424K, 28% used [0x00000000a0000000,0x00000000a1d11bc8,0x00000000a6500000)
 Metaspace       used 60151K, capacity 62106K, committed 62296K, reserved 1103872K
  class space    used 8132K, capacity 8540K, committed 8576K, reserved 1048576K
Event: 56.028 GC heap after
Heap after GC invocations=17 (full 3):
 PSYoungGen      total 174080K, used 11665K [0x00000000e0000000, 0x00000000ec480000, 0x0000000100000000)
  eden space 162304K, 0% used [0x00000000e0000000,0x00000000e0000000,0x00000000e9e80000)
  from space 11776K, 99% used [0x00000000eb900000,0x00000000ec464738,0x00000000ec480000)
  to   space 15360K, 0% used [0x00000000ea680000,0x00000000ea680000,0x00000000eb580000)
 ParOldGen       total 103424K, used 29774K [0x00000000a0000000, 0x00000000a6500000, 0x00000000e0000000)
  object space 103424K, 28% used [0x00000000a0000000,0x00000000a1d13bc8,0x00000000a6500000)
 Metaspace       used 60151K, capacity 62106K, committed 62296K, reserved 1103872K
  class space    used 8132K, capacity 8540K, committed 8576K, reserved 1048576K
}

Deoptimization events (10 events):
Event: 57.034 Thread 0x0000000019023800 Uncommon trap: reason=predicate action=maybe_recompile pc=0x0000000002da8888 method=java.util.Collections.indexedBinarySearch(Ljava/util/List;Ljava/lang/Object;)I @ 16
Event: 57.381 Thread 0x000000001fd6c000 Uncommon trap: reason=unstable_if action=reinterpret pc=0x00000000037cd8ac method=java.util.regex.Pattern.newSlice([IIZ)Ljava/util/regex/Pattern$Node; @ 10
Event: 61.099 Thread 0x0000000019112000 Uncommon trap: reason=bimorphic action=maybe_recompile pc=0x0000000003e423b4 method=java.util.concurrent.ConcurrentHashMap.putVal(Ljava/lang/Object;Ljava/lang/Object;Z)Ljava/lang/Object; @ 192
Event: 61.103 Thread 0x000000001fd6c000 Uncommon trap: reason=bimorphic action=maybe_recompile pc=0x0000000003e423b4 method=java.util.concurrent.ConcurrentHashMap.putVal(Ljava/lang/Object;Ljava/lang/Object;Z)Ljava/lang/Object; @ 192
Event: 61.103 Thread 0x000000001fd6c000 Uncommon trap: reason=bimorphic action=maybe_recompile pc=0x0000000003e423b4 method=java.util.concurrent.ConcurrentHashMap.putVal(Ljava/lang/Object;Ljava/lang/Object;Z)Ljava/lang/Object; @ 192
Event: 61.103 Thread 0x000000001fd6c000 Uncommon trap: reason=bimorphic action=maybe_recompile pc=0x0000000003e423b4 method=java.util.concurrent.ConcurrentHashMap.putVal(Ljava/lang/Object;Ljava/lang/Object;Z)Ljava/lang/Object; @ 192
Event: 61.103 Thread 0x0000000019112000 Uncommon trap: reason=bimorphic action=maybe_recompile pc=0x0000000003e423b4 method=java.util.concurrent.ConcurrentHashMap.putVal(Ljava/lang/Object;Ljava/lang/Object;Z)Ljava/lang/Object; @ 192
Event: 61.103 Thread 0x000000001fd6b000 Uncommon trap: reason=bimorphic action=maybe_recompile pc=0x0000000003e423b4 method=java.util.concurrent.ConcurrentHashMap.putVal(Ljava/lang/Object;Ljava/lang/Object;Z)Ljava/lang/Object; @ 192
Event: 62.465 Thread 0x000000001fd6c000 Uncommon trap: reason=unstable_if action=reinterpret pc=0x000000000387605c method=java.nio.Bits.putInt(Ljava/nio/ByteBuffer;IIZ)V @ 1
Event: 65.230 Thread 0x000000001fd68000 Uncommon trap: reason=unstable_if action=reinterpret pc=0x0000000002e5bd48 method=com.android.tools.r8.utils.t.a(I)Z @ 3

Classes redefined (0 events):
No events

Internal exceptions (10 events):
Event: 51.720 Thread 0x0000000019456800 Exception <a 'java/lang/NoSuchMethodError': <clinit>> (0x00000000e414d0d0) thrown at [C:\src\AOSP-openjdk-git\hotspot\src\share\vm\prims\jni.cpp, line 1615]
Event: 54.645 Thread 0x000000001fd6c000 Exception <a 'java/lang/NoSuchMethodError': <clinit>> (0x00000000e6c49f50) thrown at [C:\src\AOSP-openjdk-git\hotspot\src\share\vm\prims\jni.cpp, line 1615]
Event: 57.494 Thread 0x000000001fd6b000 Exception <a 'java/lang/NoSuchMethodError': java.lang.Object.lambda$static$0(Ljava/lang/String;)Z> (0x00000000e0edc188) thrown at [C:\src\AOSP-openjdk-git\hotspot\src\share\vm\interpreter\linkResolver.cpp, line 620]
Event: 57.497 Thread 0x000000001fd6c000 Exception <a 'java/lang/NoSuchMethodError': java.lang.Object.lambda$and$0(Ljava/util/function/Predicate;Ljava/lang/Object;)Z> (0x00000000e0e84e58) thrown at [C:\src\AOSP-openjdk-git\hotspot\src\share\vm\interpreter\linkResolver.cpp, line 620]
Event: 57.499 Thread 0x000000001fd6b000 Exception <a 'java/lang/NoSuchMethodError': java.lang.Object.lambda$and$0(Ljava/util/function/Predicate;Ljava/lang/Object;)Z> (0x00000000e0ee2398) thrown at [C:\src\AOSP-openjdk-git\hotspot\src\share\vm\interpreter\linkResolver.cpp, line 620]
Event: 59.047 Thread 0x0000000019112000 Exception <a 'sun/nio/fs/WindowsException'> (0x00000000e058b5e0) thrown at [C:\src\AOSP-openjdk-git\hotspot\src\share\vm\prims\jni.cpp, line 710]
Event: 59.048 Thread 0x000000001fd6b000 Exception <a 'sun/nio/fs/WindowsException'> (0x00000000e1223190) thrown at [C:\src\AOSP-openjdk-git\hotspot\src\share\vm\prims\jni.cpp, line 710]
Event: 59.352 Thread 0x000000001fd6c000 Exception <a 'sun/nio/fs/WindowsException'> (0x00000000e1b41be8) thrown at [C:\src\AOSP-openjdk-git\hotspot\src\share\vm\prims\jni.cpp, line 710]
Event: 61.237 Thread 0x000000001fd68000 Exception <a 'sun/nio/fs/WindowsException'> (0x00000000e253ca20) thrown at [C:\src\AOSP-openjdk-git\hotspot\src\share\vm\prims\jni.cpp, line 710]
Event: 61.755 Thread 0x000000001fd6c000 Exception <a 'java/lang/NoSuchMethodError': java.lang.Object.lambda$identity$2(Ljava/lang/Object;)Ljava/lang/Object;> (0x00000000e1b64200) thrown at [C:\src\AOSP-openjdk-git\hotspot\src\share\vm\interpreter\linkResolver.cpp, line 620]

Events (10 events):
Event: 65.277 loading class com/android/tools/r8/utils/ThreadUtils
Event: 65.277 loading class com/android/tools/r8/utils/ThreadUtils done
Event: 65.306 loading class java/util/concurrent/ConcurrentLinkedQueue$Itr
Event: 65.339 loading class java/util/concurrent/ConcurrentLinkedQueue$Itr done
Event: 65.340 loading class com/android/tools/r8/utils/p
Event: 65.340 loading class com/android/tools/r8/utils/p done
Event: 65.341 loading class com/android/tools/r8/utils/n
Event: 65.341 loading class com/android/tools/r8/utils/n done
Event: 65.341 loading class com/android/tools/r8/m/a/a/b/K1
Event: 65.341 loading class com/android/tools/r8/m/a/a/b/K1 done


Dynamic libraries:
0x00007ff7ce9b0000 - 0x00007ff7ce9e1000 	C:\Program Files\Android\Android Studio\jre\bin\java.exe
0x00007ffb25030000 - 0x00007ffb25225000 	C:\WINDOWS\SYSTEM32\ntdll.dll
0x00007ffb246a0000 - 0x00007ffb2475e000 	C:\WINDOWS\System32\KERNEL32.DLL
0x00007ffb22b50000 - 0x00007ffb22e19000 	C:\WINDOWS\System32\KERNELBASE.dll
0x00007ffb24f30000 - 0x00007ffb24fdc000 	C:\WINDOWS\System32\ADVAPI32.dll
0x00007ffb24310000 - 0x00007ffb243ae000 	C:\WINDOWS\System32\msvcrt.dll
0x00007ffb24580000 - 0x00007ffb2461b000 	C:\WINDOWS\System32\sechost.dll
0x00007ffb23240000 - 0x00007ffb2336a000 	C:\WINDOWS\System32\RPCRT4.dll
0x00007ffb23080000 - 0x00007ffb23221000 	C:\WINDOWS\System32\USER32.dll
0x00007ffb22a70000 - 0x00007ffb22a92000 	C:\WINDOWS\System32\win32u.dll
0x00007ffb24070000 - 0x00007ffb2409b000 	C:\WINDOWS\System32\GDI32.dll
0x00007ffb22750000 - 0x00007ffb2285b000 	C:\WINDOWS\System32\gdi32full.dll
0x00007ffb22fe0000 - 0x00007ffb2307d000 	C:\WINDOWS\System32\msvcp_win.dll
0x00007ffb22970000 - 0x00007ffb22a70000 	C:\WINDOWS\System32\ucrtbase.dll
0x00007ffb18590000 - 0x00007ffb1882a000 	C:\WINDOWS\WinSxS\amd64_microsoft.windows.common-controls_6595b64144ccf1df_6.0.19041.1110_none_60b5254171f9507e\COMCTL32.dll
0x00007ffb23420000 - 0x00007ffb23450000 	C:\WINDOWS\System32\IMM32.DLL
0x000000006b9b0000 - 0x000000006ba82000 	C:\Program Files\Android\Android Studio\jre\jre\bin\msvcr100.dll
0x000000006bb70000 - 0x000000006c3bb000 	C:\Program Files\Android\Android Studio\jre\jre\bin\server\jvm.dll
0x00007ffb24fe0000 - 0x00007ffb24fe8000 	C:\WINDOWS\System32\PSAPI.DLL
0x00007ffb13260000 - 0x00007ffb1326a000 	C:\WINDOWS\SYSTEM32\VERSION.dll
0x00007ffb20030000 - 0x00007ffb20039000 	C:\WINDOWS\SYSTEM32\WSOCK32.dll
0x00007ffb1d1e0000 - 0x00007ffb1d207000 	C:\WINDOWS\SYSTEM32\WINMM.dll
0x00007ffb24170000 - 0x00007ffb241db000 	C:\WINDOWS\System32\WS2_32.dll
0x00007ffb16be0000 - 0x00007ffb16bef000 	C:\Program Files\Android\Android Studio\jre\jre\bin\verify.dll
0x00007ffb01310000 - 0x00007ffb01339000 	C:\Program Files\Android\Android Studio\jre\jre\bin\java.dll
0x00007ffb00b30000 - 0x00007ffb00b46000 	C:\Program Files\Android\Android Studio\jre\jre\bin\zip.dll
0x00007ffb23930000 - 0x00007ffb2406f000 	C:\WINDOWS\System32\SHELL32.dll
0x00007ffb20850000 - 0x00007ffb20fe0000 	C:\WINDOWS\SYSTEM32\windows.storage.dll
0x00007ffb24760000 - 0x00007ffb24ab5000 	C:\WINDOWS\System32\combase.dll
0x00007ffb221a0000 - 0x00007ffb221cc000 	C:\WINDOWS\SYSTEM32\Wldp.dll
0x00007ffb23370000 - 0x00007ffb2341e000 	C:\WINDOWS\System32\SHCORE.dll
0x00007ffb24b90000 - 0x00007ffb24be5000 	C:\WINDOWS\System32\shlwapi.dll
0x00007ffb22690000 - 0x00007ffb226af000 	C:\WINDOWS\SYSTEM32\profapi.dll
0x00007ffb000d0000 - 0x00007ffb000ea000 	C:\Program Files\Android\Android Studio\jre\jre\bin\net.dll
0x00007ffb21e90000 - 0x00007ffb21efa000 	C:\WINDOWS\system32\mswsock.dll
0x00007ffaffc20000 - 0x00007ffaffc33000 	C:\Program Files\Android\Android Studio\jre\jre\bin\nio.dll
0x00007ffb16dd0000 - 0x00007ffb16df6000 	C:\Users\sjosu\.gradle\native\29\windows-amd64\native-platform.dll
0x00007ffb16b90000 - 0x00007ffb16b9d000 	C:\Program Files\Android\Android Studio\jre\jre\bin\management.dll
0x00007ffb22080000 - 0x00007ffb22098000 	C:\WINDOWS\SYSTEM32\CRYPTSP.dll
0x00007ffb21810000 - 0x00007ffb21844000 	C:\WINDOWS\system32\rsaenh.dll
0x00007ffb22940000 - 0x00007ffb22967000 	C:\WINDOWS\System32\bcrypt.dll
0x00007ffb22610000 - 0x00007ffb2263e000 	C:\WINDOWS\SYSTEM32\USERENV.dll
0x00007ffb228b0000 - 0x00007ffb22933000 	C:\WINDOWS\System32\bcryptprimitives.dll
0x00007ffb220a0000 - 0x00007ffb220ac000 	C:\WINDOWS\SYSTEM32\CRYPTBASE.dll
0x00007ffb21b80000 - 0x00007ffb21bbb000 	C:\WINDOWS\SYSTEM32\IPHLPAPI.DLL
0x00007ffb24300000 - 0x00007ffb24308000 	C:\WINDOWS\System32\NSI.dll
0x00007ffb1b120000 - 0x00007ffb1b137000 	C:\WINDOWS\SYSTEM32\dhcpcsvc6.DLL
0x00007ffb1b1d0000 - 0x00007ffb1b1ed000 	C:\WINDOWS\SYSTEM32\dhcpcsvc.DLL
0x00007ffb21bc0000 - 0x00007ffb21c8c000 	C:\WINDOWS\SYSTEM32\DNSAPI.dll

VM Arguments:
jvm_args: -Xmx1536m -Dfile.encoding=windows-1252 -Duser.country=MX -Duser.language=es -Duser.variant 
java_command: org.gradle.launcher.daemon.bootstrap.GradleDaemon 5.4.1
java_class_path (initial): C:\Users\sjosu\.gradle\wrapper\dists\gradle-5.4.1-all\3221gyojl5jsh0helicew7rwx\gradle-5.4.1\lib\gradle-launcher-5.4.1.jar
Launcher Type: SUN_STANDARD

Environment Variables:
PATH=C:\Program Files (x86)\Common Files\Oracle\Java\javapath;C:\WINDOWS\system32;C:\WINDOWS;C:\WINDOWS\System32\Wbem;C:\WINDOWS\System32\WindowsPowerShell\v1.0\;C:\WINDOWS\System32\OpenSSH\;C:\Program Files\dotnet\;C:\Program Files (x86)\nodejs\;C:\Users\sjosu\AppData\Local\Microsoft\WindowsApps;C:\Users\sjosu\AppData\Roaming\npm;C:\Users\sjosu\AppData\Local\Programs\Git\cmd;C:\Users\sjosu\AppData\Local\Programs\Microsoft VS Code\bin
USERNAME=sjosu
OS=Windows_NT
PROCESSOR_IDENTIFIER=Intel64 Family 6 Model 42 Stepping 7, GenuineIntel



---------------  S Y S T E M  ---------------

OS: Windows 10.0 , 64 bit Build 19041 (10.0.19041.1202)

CPU:total 4 (initial active 4) (2 cores per cpu, 2 threads per core) family 6 model 42 stepping 7, cmov, cx8, fxsr, mmx, sse, sse2, sse3, ssse3, sse4.1, sse4.2, popcnt, avx, clmul, ht, tsc, tscinvbit

Memory: 4k page, physical 6098108k(278080k free), swap 8719672k(5348k free)

vm_info: OpenJDK 64-Bit Server VM (25.242-b01) for windows-amd64 JRE (1.8.0_242-release-1644-b01), built by "builder" with MS VC++ 10.0 (VS2010)

time: Thu Sep 30 17:28:09 2021
timezone: Hora de verano central (México)
elapsed time: 65 seconds (0d 0h 1m 5s)

